Starting setup...
Building and starting containers...
time="2026-02-14T20:31:46+01:00" level=warning msg="/home/reddcs/aiia/trainer/docker-compose.yml: the attribute `version` is obsolete, it will be ignored, please remove it to avoid potential confusion"
 Image trainer-app Building 
#1 [internal] load local bake definitions
#1 reading from stdin 490B done
#1 DONE 0.0s

#2 [internal] load build definition from Dockerfile
#2 transferring dockerfile: 810B done
#2 DONE 0.0s

#3 [auth] library/php:pull token for registry-1.docker.io
#3 DONE 0.0s

#4 [internal] load metadata for docker.io/library/composer:latest
#4 DONE 0.0s

#5 [internal] load metadata for docker.io/library/php:8.3-fpm-alpine
#5 DONE 1.0s

#6 [internal] load .dockerignore
#6 transferring context: 2B done
#6 DONE 0.0s

#7 [stage-0 1/7] FROM docker.io/library/php:8.3-fpm-alpine@sha256:2127b967ef53d95fd84b3ccb15361d638c3c6dc72079123cce5467c642020a81
#7 resolve docker.io/library/php:8.3-fpm-alpine@sha256:2127b967ef53d95fd84b3ccb15361d638c3c6dc72079123cce5467c642020a81 0.0s done
#7 DONE 0.0s

#8 FROM docker.io/library/composer:latest@sha256:1872bdb4a2080390498e75e7eb55f9d7e70c689ab5ab072a01da80720a68c6da
#8 resolve docker.io/library/composer:latest@sha256:1872bdb4a2080390498e75e7eb55f9d7e70c689ab5ab072a01da80720a68c6da 0.0s done
#8 DONE 0.0s

#9 [stage-0 4/7] RUN docker-php-ext-install     pdo     pdo_pgsql     intl
#9 CACHED

#10 [stage-0 3/7] COPY --from=composer:latest /usr/bin/composer /usr/bin/composer
#10 CACHED

#11 [stage-0 2/7] RUN apk add --no-cache     bash     git     unzip     libpq-dev     oniguruma-dev     icu-dev     curl
#11 CACHED

#12 [stage-0 5/7] RUN addgroup -g 1000 laravel     && adduser -D -u 1000 -G laravel laravel
#12 CACHED

#13 [stage-0 6/7] WORKDIR /var/www/html
#13 CACHED

#14 [stage-0 7/7] RUN mkdir -p storage bootstrap/cache     && chmod -R 775 storage bootstrap/cache
#14 CACHED

#15 exporting to image
#15 exporting layers done
#15 exporting manifest sha256:7bdb7f8b056fcb82e164b17481cb90d1448c3e63377d1609a4d0e2976086195f done
#15 exporting config sha256:e5a64583c1150f89c454dee41959b54ce9e1159476c2cf5cb8b662cb8a16e65f done
#15 exporting attestation manifest sha256:2fafe70bd809f1b889e6a84f087468f3e445dd7065acbd3fa75c4b28e04890a6 0.0s done
#15 exporting manifest list sha256:d88716bb7acea901575eb5e5cac60860acdb31ad629d88b081f4510d93673c0d
#15 exporting manifest list sha256:d88716bb7acea901575eb5e5cac60860acdb31ad629d88b081f4510d93673c0d 0.0s done
#15 naming to docker.io/library/trainer-app:latest done
#15 unpacking to docker.io/library/trainer-app:latest 0.0s done
#15 DONE 0.1s

#16 resolving provenance for metadata file
#16 DONE 0.0s
 Image trainer-app Built 
 Container postgres Running 
 Container laravel_app Recreate 
 Container pgadmin Running 
 Container laravel_app Recreated 
 Container nginx Running 
 Container laravel_app Starting 
 Container laravel_app Started 
Waiting for containers to be ready...
Initializing Laravel project...
time="2026-02-14T20:31:57+01:00" level=warning msg="/home/reddcs/aiia/trainer/docker-compose.yml: the attribute `version` is obsolete, it will be ignored, please remove it to avoid potential confusion"
Creating a "laravel/laravel" project at "./"
Installing laravel/laravel (v12.11.2)
  - Downloading laravel/laravel (v12.11.2)
  - Installing laravel/laravel (v12.11.2): Extracting archive
Created project in /var/www/html/.
> @php -r "file_exists('.env') || copy('.env.example', '.env');"
Loading composer repositories with package information
Updating dependencies
Lock file operations: 111 installs, 0 updates, 0 removals
  - Locking brick/math (0.14.8)
  - Locking carbonphp/carbon-doctrine-types (3.2.0)
  - Locking dflydev/dot-access-data (v3.0.3)
  - Locking doctrine/inflector (2.1.0)
  - Locking doctrine/lexer (3.0.1)
  - Locking dragonmantank/cron-expression (v3.6.0)
  - Locking egulias/email-validator (4.0.4)
  - Locking fakerphp/faker (v1.24.1)
  - Locking filp/whoops (2.18.4)
  - Locking fruitcake/php-cors (v1.4.0)
  - Locking graham-campbell/result-type (v1.1.4)
  - Locking guzzlehttp/guzzle (7.10.0)
  - Locking guzzlehttp/promises (2.3.0)
  - Locking guzzlehttp/psr7 (2.8.0)
  - Locking guzzlehttp/uri-template (v1.0.5)
  - Locking hamcrest/hamcrest-php (v2.1.1)
  - Locking laravel/framework (v12.51.0)
  - Locking laravel/pail (v1.2.6)
  - Locking laravel/pint (v1.27.1)
  - Locking laravel/prompts (v0.3.13)
  - Locking laravel/sail (v1.53.0)
  - Locking laravel/serializable-closure (v2.0.9)
  - Locking laravel/tinker (v2.11.1)
  - Locking league/commonmark (2.8.0)
  - Locking league/config (v1.2.0)
  - Locking league/flysystem (3.31.0)
  - Locking league/flysystem-local (3.31.0)
  - Locking league/mime-type-detection (1.16.0)
  - Locking league/uri (7.8.0)
  - Locking league/uri-interfaces (7.8.0)
  - Locking mockery/mockery (1.6.12)
  - Locking monolog/monolog (3.10.0)
  - Locking myclabs/deep-copy (1.13.4)
  - Locking nesbot/carbon (3.11.1)
  - Locking nette/schema (v1.3.4)
  - Locking nette/utils (v4.1.3)
  - Locking nikic/php-parser (v5.7.0)
  - Locking nunomaduro/collision (v8.8.3)
  - Locking nunomaduro/termwind (v2.3.3)
  - Locking phar-io/manifest (2.0.4)
  - Locking phar-io/version (3.2.1)
  - Locking phpoption/phpoption (1.9.5)
  - Locking phpunit/php-code-coverage (11.0.12)
  - Locking phpunit/php-file-iterator (5.1.1)
  - Locking phpunit/php-invoker (5.0.1)
  - Locking phpunit/php-text-template (4.0.1)
  - Locking phpunit/php-timer (7.0.1)
  - Locking phpunit/phpunit (11.5.53)
  - Locking psr/clock (1.0.0)
  - Locking psr/container (2.0.2)
  - Locking psr/event-dispatcher (1.0.0)
  - Locking psr/http-client (1.0.3)
  - Locking psr/http-factory (1.1.0)
  - Locking psr/http-message (2.0)
  - Locking psr/log (3.0.2)
  - Locking psr/simple-cache (3.0.0)
  - Locking psy/psysh (v0.12.20)
  - Locking ralouphie/getallheaders (3.0.3)
  - Locking ramsey/collection (2.1.1)
  - Locking ramsey/uuid (4.9.2)
  - Locking sebastian/cli-parser (3.0.2)
  - Locking sebastian/code-unit (3.0.3)
  - Locking sebastian/code-unit-reverse-lookup (4.0.1)
  - Locking sebastian/comparator (6.3.3)
  - Locking sebastian/complexity (4.0.1)
  - Locking sebastian/diff (6.0.2)
  - Locking sebastian/environment (7.2.1)
  - Locking sebastian/exporter (6.3.2)
  - Locking sebastian/global-state (7.0.2)
  - Locking sebastian/lines-of-code (3.0.1)
  - Locking sebastian/object-enumerator (6.0.1)
  - Locking sebastian/object-reflector (4.0.1)
  - Locking sebastian/recursion-context (6.0.3)
  - Locking sebastian/type (5.1.3)
  - Locking sebastian/version (5.0.2)
  - Locking staabm/side-effects-detector (1.0.5)
  - Locking symfony/clock (v7.4.0)
  - Locking symfony/console (v7.4.4)
  - Locking symfony/css-selector (v7.4.0)
  - Locking symfony/deprecation-contracts (v3.6.0)
  - Locking symfony/error-handler (v7.4.4)
  - Locking symfony/event-dispatcher (v7.4.4)
  - Locking symfony/event-dispatcher-contracts (v3.6.0)
  - Locking symfony/finder (v7.4.5)
  - Locking symfony/http-foundation (v7.4.5)
  - Locking symfony/http-kernel (v7.4.5)
  - Locking symfony/mailer (v7.4.4)
  - Locking symfony/mime (v7.4.5)
  - Locking symfony/polyfill-ctype (v1.33.0)
  - Locking symfony/polyfill-intl-grapheme (v1.33.0)
  - Locking symfony/polyfill-intl-idn (v1.33.0)
  - Locking symfony/polyfill-intl-normalizer (v1.33.0)
  - Locking symfony/polyfill-mbstring (v1.33.0)
  - Locking symfony/polyfill-php80 (v1.33.0)
  - Locking symfony/polyfill-php83 (v1.33.0)
  - Locking symfony/polyfill-php84 (v1.33.0)
  - Locking symfony/polyfill-php85 (v1.33.0)
  - Locking symfony/polyfill-uuid (v1.33.0)
  - Locking symfony/process (v7.4.5)
  - Locking symfony/routing (v7.4.4)
  - Locking symfony/service-contracts (v3.6.1)
  - Locking symfony/string (v7.4.4)
  - Locking symfony/translation (v7.4.4)
  - Locking symfony/translation-contracts (v3.6.1)
  - Locking symfony/uid (v7.4.4)
  - Locking symfony/var-dumper (v7.4.4)
  - Locking symfony/yaml (v7.4.1)
  - Locking theseer/tokenizer (1.3.1)
  - Locking tijsverkoyen/css-to-inline-styles (v2.4.0)
  - Locking vlucas/phpdotenv (v5.6.3)
  - Locking voku/portable-ascii (2.0.3)
Writing lock file
Installing dependencies from lock file (including require-dev)
Package operations: 111 installs, 0 updates, 0 removals
  - Downloading doctrine/inflector (2.1.0)
  - Downloading doctrine/lexer (3.0.1)
  - Downloading dragonmantank/cron-expression (v3.6.0)
  - Downloading symfony/deprecation-contracts (v3.6.0)
  - Downloading psr/container (2.0.2)
  - Downloading fakerphp/faker (v1.24.1)
  - Downloading symfony/polyfill-mbstring (v1.33.0)
  - Downloading symfony/http-foundation (v7.4.5)
  - Downloading fruitcake/php-cors (v1.4.0)
  - Downloading psr/http-message (2.0)
  - Downloading psr/http-client (1.0.3)
  - Downloading ralouphie/getallheaders (3.0.3)
  - Downloading psr/http-factory (1.1.0)
  - Downloading guzzlehttp/psr7 (2.8.0)
  - Downloading guzzlehttp/promises (2.3.0)
  - Downloading guzzlehttp/guzzle (7.10.0)
  - Downloading symfony/polyfill-php80 (v1.33.0)
  - Downloading guzzlehttp/uri-template (v1.0.5)
  - Downloading symfony/polyfill-intl-normalizer (v1.33.0)
  - Downloading symfony/polyfill-intl-grapheme (v1.33.0)
  - Downloading symfony/polyfill-ctype (v1.33.0)
  - Downloading symfony/string (v7.4.4)
  - Downloading symfony/service-contracts (v3.6.1)
  - Downloading symfony/console (v7.4.4)
  - Downloading nunomaduro/termwind (v2.3.3)
  - Downloading voku/portable-ascii (2.0.3)
  - Downloading phpoption/phpoption (1.9.5)
  - Downloading graham-campbell/result-type (v1.1.4)
  - Downloading vlucas/phpdotenv (v5.6.3)
  - Downloading symfony/css-selector (v7.4.0)
  - Downloading tijsverkoyen/css-to-inline-styles (v2.4.0)
  - Downloading symfony/var-dumper (v7.4.4)
  - Downloading symfony/polyfill-uuid (v1.33.0)
  - Downloading symfony/uid (v7.4.4)
  - Downloading symfony/routing (v7.4.4)
  - Downloading symfony/process (v7.4.5)
  - Downloading symfony/polyfill-php85 (v1.33.0)
  - Downloading symfony/polyfill-php84 (v1.33.0)
  - Downloading symfony/polyfill-php83 (v1.33.0)
  - Downloading symfony/polyfill-intl-idn (v1.33.0)
  - Downloading symfony/mime (v7.4.5)
  - Downloading psr/event-dispatcher (1.0.0)
  - Downloading symfony/event-dispatcher-contracts (v3.6.0)
  - Downloading symfony/event-dispatcher (v7.4.4)
  - Downloading psr/log (3.0.2)
  - Downloading egulias/email-validator (4.0.4)
  - Downloading symfony/mailer (v7.4.4)
  - Downloading symfony/error-handler (v7.4.4)
  - Downloading symfony/http-kernel (v7.4.5)
  - Downloading symfony/finder (v7.4.5)
  - Downloading ramsey/collection (2.1.1)
  - Downloading brick/math (0.14.8)
  - Downloading ramsey/uuid (4.9.2)
  - Downloading psr/simple-cache (3.0.0)
  - Downloading symfony/translation-contracts (v3.6.1)
  - Downloading symfony/translation (v7.4.4)
  - Downloading psr/clock (1.0.0)
  - Downloading symfony/clock (v7.4.0)
  - Downloading carbonphp/carbon-doctrine-types (3.2.0)
  - Downloading nesbot/carbon (3.11.1)
  - Downloading monolog/monolog (3.10.0)
  - Downloading league/uri-interfaces (7.8.0)
  - Downloading league/uri (7.8.0)
  - Downloading league/mime-type-detection (1.16.0)
  - Downloading league/flysystem-local (3.31.0)
  - Downloading league/flysystem (3.31.0)
  - Downloading nette/utils (v4.1.3)
  - Downloading nette/schema (v1.3.4)
  - Downloading dflydev/dot-access-data (v3.0.3)
  - Downloading league/config (v1.2.0)
  - Downloading league/commonmark (2.8.0)
  - Downloading laravel/serializable-closure (v2.0.9)
  - Downloading laravel/prompts (v0.3.13)
  - Downloading laravel/framework (v12.51.0)
  - Downloading laravel/pail (v1.2.6)
  - Downloading laravel/pint (v1.27.1)
  - Downloading symfony/yaml (v7.4.1)
  - Downloading laravel/sail (v1.53.0)
  - Downloading nikic/php-parser (v5.7.0)
  - Downloading psy/psysh (v0.12.20)
  - Downloading laravel/tinker (v2.11.1)
  - Downloading hamcrest/hamcrest-php (v2.1.1)
  - Downloading mockery/mockery (1.6.12)
  - Downloading filp/whoops (2.18.4)
  - Downloading nunomaduro/collision (v8.8.3)
  - Downloading staabm/side-effects-detector (1.0.5)
  - Downloading sebastian/version (5.0.2)
  - Downloading sebastian/type (5.1.3)
  - Downloading sebastian/recursion-context (6.0.3)
  - Downloading sebastian/object-reflector (4.0.1)
  - Downloading sebastian/object-enumerator (6.0.1)
  - Downloading sebastian/global-state (7.0.2)
  - Downloading sebastian/exporter (6.3.2)
  - Downloading sebastian/environment (7.2.1)
  - Downloading sebastian/diff (6.0.2)
  - Downloading sebastian/comparator (6.3.3)
  - Downloading sebastian/code-unit (3.0.3)
  - Downloading sebastian/cli-parser (3.0.2)
  - Downloading phpunit/php-timer (7.0.1)
  - Downloading phpunit/php-text-template (4.0.1)
  - Downloading phpunit/php-invoker (5.0.1)
  - Downloading phpunit/php-file-iterator (5.1.1)
  - Downloading theseer/tokenizer (1.3.1)
  - Downloading sebastian/lines-of-code (3.0.1)
  - Downloading sebastian/complexity (4.0.1)
  - Downloading sebastian/code-unit-reverse-lookup (4.0.1)
  - Downloading phpunit/php-code-coverage (11.0.12)
  - Downloading phar-io/version (3.2.1)
  - Downloading phar-io/manifest (2.0.4)
  - Downloading myclabs/deep-copy (1.13.4)
  - Downloading phpunit/phpunit (11.5.53)
   0/111 [>---------------------------]   0%
  13/111 [===>------------------------]  11%
  25/111 [======>---------------------]  22%
  35/111 [========>-------------------]  31%
  47/111 [===========>----------------]  42%
  57/111 [==============>-------------]  51%
  69/111 [=================>----------]  62%
  80/111 [====================>-------]  72%
  91/111 [======================>-----]  81%
 101/111 [=========================>--]  90%
 111/111 [============================] 100%
  - Installing doctrine/inflector (2.1.0): Extracting archive
  - Installing doctrine/lexer (3.0.1): Extracting archive
  - Installing dragonmantank/cron-expression (v3.6.0): Extracting archive
  - Installing symfony/deprecation-contracts (v3.6.0): Extracting archive
  - Installing psr/container (2.0.2): Extracting archive
  - Installing fakerphp/faker (v1.24.1): Extracting archive
  - Installing symfony/polyfill-mbstring (v1.33.0): Extracting archive
  - Installing symfony/http-foundation (v7.4.5): Extracting archive
  - Installing fruitcake/php-cors (v1.4.0): Extracting archive
  - Installing psr/http-message (2.0): Extracting archive
  - Installing psr/http-client (1.0.3): Extracting archive
  - Installing ralouphie/getallheaders (3.0.3): Extracting archive
  - Installing psr/http-factory (1.1.0): Extracting archive
  - Installing guzzlehttp/psr7 (2.8.0): Extracting archive
  - Installing guzzlehttp/promises (2.3.0): Extracting archive
  - Installing guzzlehttp/guzzle (7.10.0): Extracting archive
  - Installing symfony/polyfill-php80 (v1.33.0): Extracting archive
  - Installing guzzlehttp/uri-template (v1.0.5): Extracting archive
  - Installing symfony/polyfill-intl-normalizer (v1.33.0): Extracting archive
  - Installing symfony/polyfill-intl-grapheme (v1.33.0): Extracting archive
  - Installing symfony/polyfill-ctype (v1.33.0): Extracting archive
  - Installing symfony/string (v7.4.4): Extracting archive
  - Installing symfony/service-contracts (v3.6.1): Extracting archive
  - Installing symfony/console (v7.4.4): Extracting archive
  - Installing nunomaduro/termwind (v2.3.3): Extracting archive
  - Installing voku/portable-ascii (2.0.3): Extracting archive
  - Installing phpoption/phpoption (1.9.5): Extracting archive
  - Installing graham-campbell/result-type (v1.1.4): Extracting archive
  - Installing vlucas/phpdotenv (v5.6.3): Extracting archive
  - Installing symfony/css-selector (v7.4.0): Extracting archive
  - Installing tijsverkoyen/css-to-inline-styles (v2.4.0): Extracting archive
  - Installing symfony/var-dumper (v7.4.4): Extracting archive
  - Installing symfony/polyfill-uuid (v1.33.0): Extracting archive
  - Installing symfony/uid (v7.4.4): Extracting archive
  - Installing symfony/routing (v7.4.4): Extracting archive
  - Installing symfony/process (v7.4.5): Extracting archive
  - Installing symfony/polyfill-php85 (v1.33.0): Extracting archive
  - Installing symfony/polyfill-php84 (v1.33.0): Extracting archive
  - Installing symfony/polyfill-php83 (v1.33.0): Extracting archive
  - Installing symfony/polyfill-intl-idn (v1.33.0): Extracting archive
  - Installing symfony/mime (v7.4.5): Extracting archive
  - Installing psr/event-dispatcher (1.0.0): Extracting archive
  - Installing symfony/event-dispatcher-contracts (v3.6.0): Extracting archive
  - Installing symfony/event-dispatcher (v7.4.4): Extracting archive
  - Installing psr/log (3.0.2): Extracting archive
  - Installing egulias/email-validator (4.0.4): Extracting archive
  - Installing symfony/mailer (v7.4.4): Extracting archive
  - Installing symfony/error-handler (v7.4.4): Extracting archive
  - Installing symfony/http-kernel (v7.4.5): Extracting archive
  - Installing symfony/finder (v7.4.5): Extracting archive
  - Installing ramsey/collection (2.1.1): Extracting archive
  - Installing brick/math (0.14.8): Extracting archive
  - Installing ramsey/uuid (4.9.2): Extracting archive
  - Installing psr/simple-cache (3.0.0): Extracting archive
  - Installing symfony/translation-contracts (v3.6.1): Extracting archive
  - Installing symfony/translation (v7.4.4): Extracting archive
  - Installing psr/clock (1.0.0): Extracting archive
  - Installing symfony/clock (v7.4.0): Extracting archive
  - Installing carbonphp/carbon-doctrine-types (3.2.0): Extracting archive
  - Installing nesbot/carbon (3.11.1): Extracting archive
  - Installing monolog/monolog (3.10.0): Extracting archive
  - Installing league/uri-interfaces (7.8.0): Extracting archive
  - Installing league/uri (7.8.0): Extracting archive
  - Installing league/mime-type-detection (1.16.0): Extracting archive
  - Installing league/flysystem-local (3.31.0): Extracting archive
  - Installing league/flysystem (3.31.0): Extracting archive
  - Installing nette/utils (v4.1.3): Extracting archive
  - Installing nette/schema (v1.3.4): Extracting archive
  - Installing dflydev/dot-access-data (v3.0.3): Extracting archive
  - Installing league/config (v1.2.0): Extracting archive
  - Installing league/commonmark (2.8.0): Extracting archive
  - Installing laravel/serializable-closure (v2.0.9): Extracting archive
  - Installing laravel/prompts (v0.3.13): Extracting archive
  - Installing laravel/framework (v12.51.0): Extracting archive
  - Installing laravel/pail (v1.2.6): Extracting archive
  - Installing laravel/pint (v1.27.1): Extracting archive
  - Installing symfony/yaml (v7.4.1): Extracting archive
  - Installing laravel/sail (v1.53.0): Extracting archive
  - Installing nikic/php-parser (v5.7.0): Extracting archive
  - Installing psy/psysh (v0.12.20): Extracting archive
  - Installing laravel/tinker (v2.11.1): Extracting archive
  - Installing hamcrest/hamcrest-php (v2.1.1): Extracting archive
  - Installing mockery/mockery (1.6.12): Extracting archive
  - Installing filp/whoops (2.18.4): Extracting archive
  - Installing nunomaduro/collision (v8.8.3): Extracting archive
  - Installing staabm/side-effects-detector (1.0.5): Extracting archive
  - Installing sebastian/version (5.0.2): Extracting archive
  - Installing sebastian/type (5.1.3): Extracting archive
  - Installing sebastian/recursion-context (6.0.3): Extracting archive
  - Installing sebastian/object-reflector (4.0.1): Extracting archive
  - Installing sebastian/object-enumerator (6.0.1): Extracting archive
  - Installing sebastian/global-state (7.0.2): Extracting archive
  - Installing sebastian/exporter (6.3.2): Extracting archive
  - Installing sebastian/environment (7.2.1): Extracting archive
  - Installing sebastian/diff (6.0.2): Extracting archive
  - Installing sebastian/comparator (6.3.3): Extracting archive
  - Installing sebastian/code-unit (3.0.3): Extracting archive
  - Installing sebastian/cli-parser (3.0.2): Extracting archive
  - Installing phpunit/php-timer (7.0.1): Extracting archive
  - Installing phpunit/php-text-template (4.0.1): Extracting archive
  - Installing phpunit/php-invoker (5.0.1): Extracting archive
  - Installing phpunit/php-file-iterator (5.1.1): Extracting archive
  - Installing theseer/tokenizer (1.3.1): Extracting archive
  - Installing sebastian/lines-of-code (3.0.1): Extracting archive
  - Installing sebastian/complexity (4.0.1): Extracting archive
  - Installing sebastian/code-unit-reverse-lookup (4.0.1): Extracting archive
  - Installing phpunit/php-code-coverage (11.0.12): Extracting archive
  - Installing phar-io/version (3.2.1): Extracting archive
  - Installing phar-io/manifest (2.0.4): Extracting archive
  - Installing myclabs/deep-copy (1.13.4): Extracting archive
  - Installing phpunit/phpunit (11.5.53): Extracting archive
   0/111 [>---------------------------]   0%
  25/111 [======>---------------------]  22%
  47/111 [===========>----------------]  42%
  68/111 [=================>----------]  61%
  83/111 [====================>-------]  74%
  92/111 [=======================>----]  82%
 102/111 [=========================>--]  91%
 111/111 [============================] 100%
62 package suggestions were added by new dependencies, use `composer suggest` to see details.
Generating optimized autoload files
> Illuminate\Foundation\ComposerScripts::postAutoloadDump
> @php artisan package:discover --ansi

  [37;44m INFO [39;49m Discovering packages.  

  laravel/pail [90m.[39m[90m.[39m[90m.[39m[90m.[39m[90m.[39m[90m.[39m[90m.[39m[90m.[39m[90m.[39m[90m.[39m[90m.[39m[90m.[39m[90m.[39m[90m.[39m[90m.[39m[90m.[39m[90m.[39m[90m.[39m[90m.[39m[90m.[39m[90m.[39m[90m.[39m[90m.[39m[90m.[39m[90m.[39m[90m.[39m[90m.[39m[90m.[39m[90m.[39m[90m.[39m[90m.[39m[90m.[39m[90m.[39m[90m.[39m[90m.[39m[90m.[39m[90m.[39m[90m.[39m[90m.[39m[90m.[39m[90m.[39m[90m.[39m[90m.[39m[90m.[39m[90m.[39m[90m.[39m[90m.[39m[90m.[39m[90m.[39m[90m.[39m[90m.[39m[90m.[39m[90m.[39m[90m.[39m[90m.[39m[90m.[39m[90m.[39m[90m.[39m [32;1mDONE[39;22m
  laravel/sail [90m.[39m[90m.[39m[90m.[39m[90m.[39m[90m.[39m[90m.[39m[90m.[39m[90m.[39m[90m.[39m[90m.[39m[90m.[39m[90m.[39m[90m.[39m[90m.[39m[90m.[39m[90m.[39m[90m.[39m[90m.[39m[90m.[39m[90m.[39m[90m.[39m[90m.[39m[90m.[39m[90m.[39m[90m.[39m[90m.[39m[90m.[39m[90m.[39m[90m.[39m[90m.[39m[90m.[39m[90m.[39m[90m.[39m[90m.[39m[90m.[39m[90m.[39m[90m.[39m[90m.[39m[90m.[39m[90m.[39m[90m.[39m[90m.[39m[90m.[39m[90m.[39m[90m.[39m[90m.[39m[90m.[39m[90m.[39m[90m.[39m[90m.[39m[90m.[39m[90m.[39m[90m.[39m[90m.[39m[90m.[39m[90m.[39m[90m.[39m[90m.[39m [32;1mDONE[39;22m
  laravel/tinker [90m.[39m[90m.[39m[90m.[39m[90m.[39m[90m.[39m[90m.[39m[90m.[39m[90m.[39m[90m.[39m[90m.[39m[90m.[39m[90m.[39m[90m.[39m[90m.[39m[90m.[39m[90m.[39m[90m.[39m[90m.[39m[90m.[39m[90m.[39m[90m.[39m[90m.[39m[90m.[39m[90m.[39m[90m.[39m[90m.[39m[90m.[39m[90m.[39m[90m.[39m[90m.[39m[90m.[39m[90m.[39m[90m.[39m[90m.[39m[90m.[39m[90m.[39m[90m.[39m[90m.[39m[90m.[39m[90m.[39m[90m.[39m[90m.[39m[90m.[39m[90m.[39m[90m.[39m[90m.[39m[90m.[39m[90m.[39m[90m.[39m[90m.[39m[90m.[39m[90m.[39m[90m.[39m[90m.[39m[90m.[39m[90m.[39m [32;1mDONE[39;22m
  nesbot/carbon [90m.[39m[90m.[39m[90m.[39m[90m.[39m[90m.[39m[90m.[39m[90m.[39m[90m.[39m[90m.[39m[90m.[39m[90m.[39m[90m.[39m[90m.[39m[90m.[39m[90m.[39m[90m.[39m[90m.[39m[90m.[39m[90m.[39m[90m.[39m[90m.[39m[90m.[39m[90m.[39m[90m.[39m[90m.[39m[90m.[39m[90m.[39m[90m.[39m[90m.[39m[90m.[39m[90m.[39m[90m.[39m[90m.[39m[90m.[39m[90m.[39m[90m.[39m[90m.[39m[90m.[39m[90m.[39m[90m.[39m[90m.[39m[90m.[39m[90m.[39m[90m.[39m[90m.[39m[90m.[39m[90m.[39m[90m.[39m[90m.[39m[90m.[39m[90m.[39m[90m.[39m[90m.[39m[90m.[39m[90m.[39m[90m.[39m[90m.[39m [32;1mDONE[39;22m
  nunomaduro/collision [90m.[39m[90m.[39m[90m.[39m[90m.[39m[90m.[39m[90m.[39m[90m.[39m[90m.[39m[90m.[39m[90m.[39m[90m.[39m[90m.[39m[90m.[39m[90m.[39m[90m.[39m[90m.[39m[90m.[39m[90m.[39m[90m.[39m[90m.[39m[90m.[39m[90m.[39m[90m.[39m[90m.[39m[90m.[39m[90m.[39m[90m.[39m[90m.[39m[90m.[39m[90m.[39m[90m.[39m[90m.[39m[90m.[39m[90m.[39m[90m.[39m[90m.[39m[90m.[39m[90m.[39m[90m.[39m[90m.[39m[90m.[39m[90m.[39m[90m.[39m[90m.[39m[90m.[39m[90m.[39m[90m.[39m[90m.[39m[90m.[39m[90m.[39m [32;1mDONE[39;22m
  nunomaduro/termwind [90m.[39m[90m.[39m[90m.[39m[90m.[39m[90m.[39m[90m.[39m[90m.[39m[90m.[39m[90m.[39m[90m.[39m[90m.[39m[90m.[39m[90m.[39m[90m.[39m[90m.[39m[90m.[39m[90m.[39m[90m.[39m[90m.[39m[90m.[39m[90m.[39m[90m.[39m[90m.[39m[90m.[39m[90m.[39m[90m.[39m[90m.[39m[90m.[39m[90m.[39m[90m.[39m[90m.[39m[90m.[39m[90m.[39m[90m.[39m[90m.[39m[90m.[39m[90m.[39m[90m.[39m[90m.[39m[90m.[39m[90m.[39m[90m.[39m[90m.[39m[90m.[39m[90m.[39m[90m.[39m[90m.[39m[90m.[39m[90m.[39m[90m.[39m[90m.[39m [32;1mDONE[39;22m

81 packages you are using are looking for funding.
Use the `composer fund` command to find out more!
> @php artisan vendor:publish --tag=laravel-assets --ansi --force

  [37;44m INFO [39;49m No publishable resources for tag [1m[laravel-assets][22m.  

No security vulnerability advisories found.
> @php artisan key:generate --ansi

  [37;44m INFO [39;49m Application key set successfully.  

> @php -r "file_exists('database/database.sqlite') || touch('database/database.sqlite');"
> @php artisan migrate --graceful --ansi

  [37;44m INFO [39;49m Preparing database.  

  Creating migration table [90m.[39m[90m.[39m[90m.[39m[90m.[39m[90m.[39m[90m.[39m[90m.[39m[90m.[39m[90m.[39m[90m.[39m[90m.[39m[90m.[39m[90m.[39m[90m.[39m[90m.[39m[90m.[39m[90m.[39m[90m.[39m[90m.[39m[90m.[39m[90m.[39m[90m.[39m[90m.[39m[90m.[39m[90m.[39m[90m.[39m[90m.[39m[90m.[39m[90m.[39m[90m.[39m[90m.[39m[90m.[39m[90m.[39m[90m.[39m[90m.[39m[90m.[39m[90m.[39m[90m.[39m[90m 51.70ms[39m [32;1mDONE[39;22m

  [37;44m INFO [39;49m Running migrations.  

  0001_01_01_000000_create_users_table [90m.[39m[90m.[39m[90m.[39m[90m.[39m[90m.[39m[90m.[39m[90m.[39m[90m.[39m[90m.[39m[90m.[39m[90m.[39m[90m.[39m[90m.[39m[90m.[39m[90m.[39m[90m.[39m[90m.[39m[90m.[39m[90m.[39m[90m.[39m[90m.[39m[90m.[39m[90m.[39m[90m.[39m[90m.[39m[90m.[39m[90m 15.14ms[39m [32;1mDONE[39;22m
  0001_01_01_000001_create_cache_table [90m.[39m[90m.[39m[90m.[39m[90m.[39m[90m.[39m[90m.[39m[90m.[39m[90m.[39m[90m.[39m[90m.[39m[90m.[39m[90m.[39m[90m.[39m[90m.[39m[90m.[39m[90m.[39m[90m.[39m[90m.[39m[90m.[39m[90m.[39m[90m.[39m[90m.[39m[90m.[39m[90m.[39m[90m.[39m[90m.[39m[90m.[39m[90m 9.82ms[39m [32;1mDONE[39;22m
  0001_01_01_000002_create_jobs_table [90m.[39m[90m.[39m[90m.[39m[90m.[39m[90m.[39m[90m.[39m[90m.[39m[90m.[39m[90m.[39m[90m.[39m[90m.[39m[90m.[39m[90m.[39m[90m.[39m[90m.[39m[90m.[39m[90m.[39m[90m.[39m[90m.[39m[90m.[39m[90m.[39m[90m.[39m[90m.[39m[90m.[39m[90m.[39m[90m.[39m[90m.[39m[90m 11.62ms[39m [32;1mDONE[39;22m

Fixing permissions...
time="2026-02-14T20:32:11+01:00" level=warning msg="/home/reddcs/aiia/trainer/docker-compose.yml: the attribute `version` is obsolete, it will be ignored, please remove it to avoid potential confusion"
Configuring database...
Running migrations...
time="2026-02-14T20:32:11+01:00" level=warning msg="/home/reddcs/aiia/trainer/docker-compose.yml: the attribute `version` is obsolete, it will be ignored, please remove it to avoid potential confusion"

   INFO  Nothing to migrate.  

Setup complete!
